<?xml version="1.0" encoding="UTF-8"?>
<!-- Generated by org.testng.reporters.JUnitReportReporter -->
<testsuite hostname="DESKTOP-9B2JCSO" failures="0" tests="2" name="org.testng.TestCase" time="11.117" errors="0" timestamp="2022-12-31T12:53:04 IST" skipped="0">
  <testcase classname="org.testng.TestCase" name="search" time="3.848"/>
  <system-out/>
  <testcase classname="org.testng.TestCase" name="productDetails" time="7.269"/>
  <system-out/>
</testsuite> <!-- org.testng.TestCase -->
